{"/home/lcds/Documents/processoseletivos/catalog-list/src/useCases/AuthUser/AuthUserController.ts": {"path":"/home/lcds/Documents/processoseletivos/catalog-list/src/useCases/AuthUser/AuthUserController.ts","statementMap":{"0":{"start":{"line":3,"column":0},"end":{"line":3,"column":30}},"1":{"start":{"line":4,"column":15},"end":{"line":4,"column":41}},"2":{"start":{"line":7,"column":22},"end":{"line":7,"column":54}},"3":{"start":{"line":10,"column":32},"end":{"line":10,"column":44}},"4":{"start":{"line":11,"column":4},"end":{"line":25,"column":null}},"5":{"start":{"line":12,"column":19},"end":{"line":15,"column":8}},"6":{"start":{"line":16,"column":20},"end":{"line":16,"column":65}},"7":{"start":{"line":17,"column":6},"end":{"line":19,"column":null}},"8":{"start":{"line":20,"column":6},"end":{"line":20,"column":null}},"9":{"start":{"line":22,"column":6},"end":{"line":24,"column":null}},"10":{"start":{"line":28,"column":22},"end":{"line":28,"column":54}},"11":{"start":{"line":29,"column":4},"end":{"line":52,"column":null}},"12":{"start":{"line":30,"column":21},"end":{"line":30,"column":41}},"13":{"start":{"line":31,"column":20},"end":{"line":31,"column":29}},"14":{"start":{"line":32,"column":6},"end":{"line":47,"column":null}},"15":{"start":{"line":33,"column":8},"end":{"line":41,"column":null}},"16":{"start":{"line":34,"column":10},"end":{"line":38,"column":null}},"17":{"start":{"line":35,"column":12},"end":{"line":37,"column":null}},"18":{"start":{"line":39,"column":10},"end":{"line":39,"column":31}},"19":{"start":{"line":40,"column":10},"end":{"line":40,"column":null}},"20":{"start":{"line":44,"column":8},"end":{"line":44,"column":null}},"21":{"start":{"line":45,"column":8},"end":{"line":45,"column":null}},"22":{"start":{"line":46,"column":8},"end":{"line":46,"column":14}},"23":{"start":{"line":49,"column":6},"end":{"line":49,"column":null}},"24":{"start":{"line":50,"column":6},"end":{"line":50,"column":null}},"25":{"start":{"line":51,"column":6},"end":{"line":51,"column":12}},"26":{"start":{"line":6,"column":0},"end":{"line":6,"column":13}}},"fnMap":{"0":{"name":"(anonymous_8)","decl":{"start":{"line":7,"column":2},"end":{"line":7,"column":22}},"loc":{"start":{"line":7,"column":54},"end":{"line":7,"column":58}}},"1":{"name":"(anonymous_9)","decl":{"start":{"line":9,"column":8},"end":{"line":9,"column":14}},"loc":{"start":{"line":9,"column":51},"end":{"line":26,"column":null}}},"2":{"name":"(anonymous_11)","decl":{"start":{"line":27,"column":8},"end":{"line":27,"column":14}},"loc":{"start":{"line":27,"column":57},"end":{"line":53,"column":null}}},"3":{"name":"(anonymous_13)","decl":{"start":{"line":33,"column":34},"end":{"line":33,"column":35}},"loc":{"start":{"line":33,"column":51},"end":{"line":41,"column":9}}}},"branchMap":{"0":{"loc":{"start":{"line":23,"column":17},"end":{"line":23,"column":30}},"type":"binary-expr","locations":[{"start":{"line":23,"column":17},"end":{"line":23,"column":30}},{"start":{"line":23,"column":34},"end":{"line":23,"column":53}}]},"1":{"loc":{"start":{"line":29,"column":4},"end":{"line":52,"column":null}},"type":"if","locations":[{"start":{"line":29,"column":4},"end":{"line":52,"column":null}},{"start":{"line":29,"column":4},"end":{"line":52,"column":null}}]},"2":{"loc":{"start":{"line":34,"column":10},"end":{"line":38,"column":null}},"type":"if","locations":[{"start":{"line":34,"column":10},"end":{"line":38,"column":null}},{"start":{"line":34,"column":10},"end":{"line":38,"column":null}}]}},"s":{"0":1,"1":1,"2":1,"3":7,"4":7,"5":7,"6":1,"7":1,"8":1,"9":6,"10":0,"11":0,"12":0,"13":0,"14":0,"15":0,"16":0,"17":0,"18":0,"19":0,"20":0,"21":0,"22":0,"23":0,"24":0,"25":0,"26":1},"f":{"0":1,"1":7,"2":0,"3":0},"b":{"0":[6,0],"1":[0,0],"2":[0,0]}}
,"/home/lcds/Documents/processoseletivos/catalog-list/src/useCases/AuthUser/AuthUserUseCase.ts": {"path":"/home/lcds/Documents/processoseletivos/catalog-list/src/useCases/AuthUser/AuthUserUseCase.ts","statementMap":{"0":{"start":{"line":5,"column":22},"end":{"line":5,"column":54}},"1":{"start":{"line":8,"column":23},"end":{"line":8,"column":72}},"2":{"start":{"line":9,"column":4},"end":{"line":9,"column":null}},"3":{"start":{"line":9,"column":21},"end":{"line":9,"column":null}},"4":{"start":{"line":11,"column":37},"end":{"line":12,"column":null}},"5":{"start":{"line":14,"column":4},"end":{"line":14,"column":null}},"6":{"start":{"line":14,"column":35},"end":{"line":14,"column":null}},"7":{"start":{"line":16,"column":4},"end":{"line":16,"column":36}},"8":{"start":{"line":4,"column":0},"end":{"line":4,"column":13}}},"fnMap":{"0":{"name":"(anonymous_7)","decl":{"start":{"line":5,"column":2},"end":{"line":5,"column":22}},"loc":{"start":{"line":5,"column":54},"end":{"line":5,"column":58}}},"1":{"name":"(anonymous_8)","decl":{"start":{"line":7,"column":8},"end":{"line":7,"column":15}},"loc":{"start":{"line":7,"column":41},"end":{"line":17,"column":null}}}},"branchMap":{"0":{"loc":{"start":{"line":9,"column":4},"end":{"line":9,"column":null}},"type":"if","locations":[{"start":{"line":9,"column":4},"end":{"line":9,"column":null}},{"start":{"line":9,"column":4},"end":{"line":9,"column":null}}]},"1":{"loc":{"start":{"line":14,"column":4},"end":{"line":14,"column":null}},"type":"if","locations":[{"start":{"line":14,"column":4},"end":{"line":14,"column":null}},{"start":{"line":14,"column":4},"end":{"line":14,"column":null}}]}},"s":{"0":1,"1":7,"2":7,"3":5,"4":2,"5":2,"6":1,"7":1,"8":1},"f":{"0":1,"1":7},"b":{"0":[5,2],"1":[1,1]}}
}
