TN:
SF:src/useCases/AuthUser/AuthUserController.ts
FN:7,(anonymous_8)
FN:9,(anonymous_9)
FN:27,(anonymous_11)
FN:33,(anonymous_13)
FNF:4
FNH:2
FNDA:1,(anonymous_8)
FNDA:7,(anonymous_9)
FNDA:0,(anonymous_11)
FNDA:0,(anonymous_13)
DA:3,1
DA:4,1
DA:6,1
DA:7,1
DA:10,7
DA:11,7
DA:12,7
DA:16,1
DA:17,1
DA:20,1
DA:22,6
DA:28,0
DA:29,0
DA:30,0
DA:31,0
DA:32,0
DA:33,0
DA:34,0
DA:35,0
DA:39,0
DA:40,0
DA:44,0
DA:45,0
DA:46,0
DA:49,0
DA:50,0
DA:51,0
LF:27
LH:11
BRDA:23,0,0,6
BRDA:23,0,1,0
BRDA:29,1,0,0
BRDA:29,1,1,0
BRDA:34,2,0,0
BRDA:34,2,1,0
BRF:6
BRH:1
end_of_record
TN:
SF:src/useCases/AuthUser/AuthUserUseCase.ts
FN:5,(anonymous_7)
FN:7,(anonymous_8)
FNF:2
FNH:2
FNDA:1,(anonymous_7)
FNDA:7,(anonymous_8)
DA:4,1
DA:5,1
DA:8,7
DA:9,7
DA:11,2
DA:14,2
DA:16,1
LF:7
LH:7
BRDA:9,0,0,5
BRDA:9,0,1,2
BRDA:14,1,0,1
BRDA:14,1,1,1
BRF:4
BRH:4
end_of_record
